Determining size of unsigned __int16 failed with the following output:
Change Dir: /root/aerostack2_ws/build/as2_behaviors_swarm_flocking/CMakeFiles/CMakeTmp

Run Build Command(s):/usr/bin/gmake -f Makefile cmTC_ebc97/fast && /usr/bin/gmake  -f CMakeFiles/cmTC_ebc97.dir/build.make CMakeFiles/cmTC_ebc97.dir/build
gmake[1]: Entering directory '/root/aerostack2_ws/build/as2_behaviors_swarm_flocking/CMakeFiles/CMakeTmp'
Building CXX object CMakeFiles/cmTC_ebc97.dir/HAVE___UINT16.cpp.o
/usr/bin/c++   -fPIE -o CMakeFiles/cmTC_ebc97.dir/HAVE___UINT16.cpp.o -c /root/aerostack2_ws/build/as2_behaviors_swarm_flocking/CMakeFiles/CheckTypeSize/HAVE___UINT16.cpp
/root/aerostack2_ws/build/as2_behaviors_swarm_flocking/CMakeFiles/CheckTypeSize/HAVE___UINT16.cpp:27:22: error: expected primary-expression before ‘unsigned’
   27 | #define SIZE (sizeof(unsigned __int16))
      |                      ^~~~~~~~
/root/aerostack2_ws/build/as2_behaviors_swarm_flocking/CMakeFiles/CheckTypeSize/HAVE___UINT16.cpp:29:12: note: in expansion of macro ‘SIZE’
   29 |   ('0' + ((SIZE / 10000)%10)),
      |            ^~~~
/root/aerostack2_ws/build/as2_behaviors_swarm_flocking/CMakeFiles/CheckTypeSize/HAVE___UINT16.cpp:27:22: error: expected ‘)’ before ‘unsigned’
   27 | #define SIZE (sizeof(unsigned __int16))
      |                     ~^~~~~~~~
/root/aerostack2_ws/build/as2_behaviors_swarm_flocking/CMakeFiles/CheckTypeSize/HAVE___UINT16.cpp:29:12: note: in expansion of macro ‘SIZE’
   29 |   ('0' + ((SIZE / 10000)%10)),
      |            ^~~~
/root/aerostack2_ws/build/as2_behaviors_swarm_flocking/CMakeFiles/CheckTypeSize/HAVE___UINT16.cpp:38:7: error: expected ‘)’ before ‘}’ token
   38 |   '\0'};
      |       ^
      |       )
/root/aerostack2_ws/build/as2_behaviors_swarm_flocking/CMakeFiles/CheckTypeSize/HAVE___UINT16.cpp:27:14: note: to match this ‘(’
   27 | #define SIZE (sizeof(unsigned __int16))
      |              ^
/root/aerostack2_ws/build/as2_behaviors_swarm_flocking/CMakeFiles/CheckTypeSize/HAVE___UINT16.cpp:29:12: note: in expansion of macro ‘SIZE’
   29 |   ('0' + ((SIZE / 10000)%10)),
      |            ^~~~
/root/aerostack2_ws/build/as2_behaviors_swarm_flocking/CMakeFiles/CheckTypeSize/HAVE___UINT16.cpp:38:7: error: expected ‘)’ before ‘}’ token
   38 |   '\0'};
      |       ^
      |       )
/root/aerostack2_ws/build/as2_behaviors_swarm_flocking/CMakeFiles/CheckTypeSize/HAVE___UINT16.cpp:29:11: note: to match this ‘(’
   29 |   ('0' + ((SIZE / 10000)%10)),
      |           ^
/root/aerostack2_ws/build/as2_behaviors_swarm_flocking/CMakeFiles/CheckTypeSize/HAVE___UINT16.cpp:38:7: error: expected ‘)’ before ‘}’ token
   38 |   '\0'};
      |       ^
      |       )
/root/aerostack2_ws/build/as2_behaviors_swarm_flocking/CMakeFiles/CheckTypeSize/HAVE___UINT16.cpp:29:10: note: to match this ‘(’
   29 |   ('0' + ((SIZE / 10000)%10)),
      |          ^
/root/aerostack2_ws/build/as2_behaviors_swarm_flocking/CMakeFiles/CheckTypeSize/HAVE___UINT16.cpp:38:7: error: expected ‘)’ before ‘}’ token
   38 |   '\0'};
      |       ^
      |       )
/root/aerostack2_ws/build/as2_behaviors_swarm_flocking/CMakeFiles/CheckTypeSize/HAVE___UINT16.cpp:29:3: note: to match this ‘(’
   29 |   ('0' + ((SIZE / 10000)%10)),
      |   ^
gmake[1]: *** [CMakeFiles/cmTC_ebc97.dir/build.make:78: CMakeFiles/cmTC_ebc97.dir/HAVE___UINT16.cpp.o] Error 1
gmake[1]: Leaving directory '/root/aerostack2_ws/build/as2_behaviors_swarm_flocking/CMakeFiles/CMakeTmp'
gmake: *** [Makefile:127: cmTC_ebc97/fast] Error 2


/root/aerostack2_ws/build/as2_behaviors_swarm_flocking/CMakeFiles/CheckTypeSize/HAVE___UINT16.cpp:
#include <sys/types.h>
#include <stdint.h>
#include <stddef.h>


#undef KEY
#if defined(__i386)
# define KEY '_','_','i','3','8','6'
#elif defined(__x86_64)
# define KEY '_','_','x','8','6','_','6','4'
#elif defined(__PPC64__)
# define KEY '_','_','P','P','C','6','4','_','_'
#elif defined(__ppc64__)
# define KEY '_','_','p','p','c','6','4','_','_'
#elif defined(__PPC__)
# define KEY '_','_','P','P','C','_','_'
#elif defined(__ppc__)
# define KEY '_','_','p','p','c','_','_'
#elif defined(__aarch64__)
# define KEY '_','_','a','a','r','c','h','6','4','_','_'
#elif defined(__ARM_ARCH_7A__)
# define KEY '_','_','A','R','M','_','A','R','C','H','_','7','A','_','_'
#elif defined(__ARM_ARCH_7S__)
# define KEY '_','_','A','R','M','_','A','R','C','H','_','7','S','_','_'
#endif

#define SIZE (sizeof(unsigned __int16))
static char info_size[] =  {'I', 'N', 'F', 'O', ':', 's','i','z','e','[',
  ('0' + ((SIZE / 10000)%10)),
  ('0' + ((SIZE / 1000)%10)),
  ('0' + ((SIZE / 100)%10)),
  ('0' + ((SIZE / 10)%10)),
  ('0' +  (SIZE    % 10)),
  ']',
#ifdef KEY
  ' ','k','e','y','[', KEY, ']',
#endif
  '\0'};

#ifdef __CLASSIC_C__
int main(argc, argv) int argc; char *argv[];
#else
int main(int argc, char *argv[])
#endif
{
  int require = 0;
  require += info_size[argc];
  (void)argv;
  return require;
}


Performing C++ SOURCE FILE Test HAVE_NO_UNNAMED_TYPE_TEMPLATE_ARGS failed with the following output:
Change Dir: /root/aerostack2_ws/build/as2_behaviors_swarm_flocking/CMakeFiles/CMakeTmp

Run Build Command(s):/usr/bin/gmake -f Makefile cmTC_93f45/fast && /usr/bin/gmake  -f CMakeFiles/cmTC_93f45.dir/build.make CMakeFiles/cmTC_93f45.dir/build
gmake[1]: Entering directory '/root/aerostack2_ws/build/as2_behaviors_swarm_flocking/CMakeFiles/CMakeTmp'
Building CXX object CMakeFiles/cmTC_93f45.dir/src.cxx.o
/usr/bin/c++ -DHAVE_NO_UNNAMED_TYPE_TEMPLATE_ARGS  -fPIE   -Wunnamed-type-template-args -o CMakeFiles/cmTC_93f45.dir/src.cxx.o -c /root/aerostack2_ws/build/as2_behaviors_swarm_flocking/CMakeFiles/CMakeTmp/src.cxx
c++: error: unrecognized command-line option '-Wunnamed-type-template-args'
gmake[1]: *** [CMakeFiles/cmTC_93f45.dir/build.make:78: CMakeFiles/cmTC_93f45.dir/src.cxx.o] Error 1
gmake[1]: Leaving directory '/root/aerostack2_ws/build/as2_behaviors_swarm_flocking/CMakeFiles/CMakeTmp'
gmake: *** [Makefile:127: cmTC_93f45/fast] Error 2


Source file was:
int main() { return 0; }
Determining if the pthread_threadid_np exist failed with the following output:
Change Dir: /root/aerostack2_ws/build/as2_behaviors_swarm_flocking/CMakeFiles/CMakeTmp

Run Build Command(s):/usr/bin/gmake -f Makefile cmTC_030f8/fast && /usr/bin/gmake  -f CMakeFiles/cmTC_030f8.dir/build.make CMakeFiles/cmTC_030f8.dir/build
gmake[1]: Entering directory '/root/aerostack2_ws/build/as2_behaviors_swarm_flocking/CMakeFiles/CMakeTmp'
Building CXX object CMakeFiles/cmTC_030f8.dir/CheckSymbolExists.cxx.o
/usr/bin/c++   -fPIE -o CMakeFiles/cmTC_030f8.dir/CheckSymbolExists.cxx.o -c /root/aerostack2_ws/build/as2_behaviors_swarm_flocking/CMakeFiles/CMakeTmp/CheckSymbolExists.cxx
/root/aerostack2_ws/build/as2_behaviors_swarm_flocking/CMakeFiles/CMakeTmp/CheckSymbolExists.cxx: In function ‘int main(int, char**)’:
/root/aerostack2_ws/build/as2_behaviors_swarm_flocking/CMakeFiles/CMakeTmp/CheckSymbolExists.cxx:8:19: error: ‘pthread_threadid_np’ was not declared in this scope; did you mean ‘pthread_tryjoin_np’?
    8 |   return ((int*)(&pthread_threadid_np))[argc];
      |                   ^~~~~~~~~~~~~~~~~~~
      |                   pthread_tryjoin_np
gmake[1]: *** [CMakeFiles/cmTC_030f8.dir/build.make:78: CMakeFiles/cmTC_030f8.dir/CheckSymbolExists.cxx.o] Error 1
gmake[1]: Leaving directory '/root/aerostack2_ws/build/as2_behaviors_swarm_flocking/CMakeFiles/CMakeTmp'
gmake: *** [Makefile:127: cmTC_030f8/fast] Error 2


File /root/aerostack2_ws/build/as2_behaviors_swarm_flocking/CMakeFiles/CMakeTmp/CheckSymbolExists.cxx:
/* */
#include <pthread.h>

int main(int argc, char** argv)
{
  (void)argv;
#ifndef pthread_threadid_np
  return ((int*)(&pthread_threadid_np))[argc];
#else
  (void)argc;
  return 0;
#endif
}
Determining if the function UnDecorateSymbolName exists in the dbghelp failed with the following output:
Change Dir: /root/aerostack2_ws/build/as2_behaviors_swarm_flocking/CMakeFiles/CMakeTmp

Run Build Command(s):/usr/bin/gmake -f Makefile cmTC_a7073/fast && /usr/bin/gmake  -f CMakeFiles/cmTC_a7073.dir/build.make CMakeFiles/cmTC_a7073.dir/build
gmake[1]: Entering directory '/root/aerostack2_ws/build/as2_behaviors_swarm_flocking/CMakeFiles/CMakeTmp'
Building C object CMakeFiles/cmTC_a7073.dir/CheckFunctionExists.c.o
/usr/bin/cc   -DCHECK_FUNCTION_EXISTS=UnDecorateSymbolName -fPIE -o CMakeFiles/cmTC_a7073.dir/CheckFunctionExists.c.o -c /usr/share/cmake-3.22/Modules/CheckFunctionExists.c
Linking C executable cmTC_a7073
/usr/bin/cmake -E cmake_link_script CMakeFiles/cmTC_a7073.dir/link.txt --verbose=1
/usr/bin/cc  -DCHECK_FUNCTION_EXISTS=UnDecorateSymbolName CMakeFiles/cmTC_a7073.dir/CheckFunctionExists.c.o -o cmTC_a7073  -ldbghelp 
/usr/bin/ld: cannot find -ldbghelp: No such file or directory
collect2: error: ld returned 1 exit status
gmake[1]: *** [CMakeFiles/cmTC_a7073.dir/build.make:99: cmTC_a7073] Error 1
gmake[1]: Leaving directory '/root/aerostack2_ws/build/as2_behaviors_swarm_flocking/CMakeFiles/CMakeTmp'
gmake: *** [Makefile:127: cmTC_a7073/fast] Error 2



Performing C++ SOURCE FILE Test HAVE___DECLSPEC failed with the following output:
Change Dir: /root/aerostack2_ws/build/as2_behaviors_swarm_flocking/CMakeFiles/CMakeTmp

Run Build Command(s):/usr/bin/gmake -f Makefile cmTC_b805b/fast && /usr/bin/gmake  -f CMakeFiles/cmTC_b805b.dir/build.make CMakeFiles/cmTC_b805b.dir/build
gmake[1]: Entering directory '/root/aerostack2_ws/build/as2_behaviors_swarm_flocking/CMakeFiles/CMakeTmp'
Building CXX object CMakeFiles/cmTC_b805b.dir/src.cxx.o
/usr/bin/c++ -DHAVE___DECLSPEC  -fPIE -o CMakeFiles/cmTC_b805b.dir/src.cxx.o -c /root/aerostack2_ws/build/as2_behaviors_swarm_flocking/CMakeFiles/CMakeTmp/src.cxx
/root/aerostack2_ws/build/as2_behaviors_swarm_flocking/CMakeFiles/CMakeTmp/src.cxx:2:11: error: expected constructor, destructor, or type conversion before ‘(’ token
    2 | __declspec(selectany) int a;
      |           ^
gmake[1]: *** [CMakeFiles/cmTC_b805b.dir/build.make:78: CMakeFiles/cmTC_b805b.dir/src.cxx.o] Error 1
gmake[1]: Leaving directory '/root/aerostack2_ws/build/as2_behaviors_swarm_flocking/CMakeFiles/CMakeTmp'
gmake: *** [Makefile:127: cmTC_b805b/fast] Error 2


Source file was:

__declspec(selectany) int a;
int main(void) { return 0; }

Performing C++ SOURCE FILE Test STL_NO_NAMESPACE failed with the following output:
Change Dir: /root/aerostack2_ws/build/as2_behaviors_swarm_flocking/CMakeFiles/CMakeTmp

Run Build Command(s):/usr/bin/gmake -f Makefile cmTC_ef2c0/fast && /usr/bin/gmake  -f CMakeFiles/cmTC_ef2c0.dir/build.make CMakeFiles/cmTC_ef2c0.dir/build
gmake[1]: Entering directory '/root/aerostack2_ws/build/as2_behaviors_swarm_flocking/CMakeFiles/CMakeTmp'
Building CXX object CMakeFiles/cmTC_ef2c0.dir/src.cxx.o
/usr/bin/c++ -DSTL_NO_NAMESPACE  -fPIE -o CMakeFiles/cmTC_ef2c0.dir/src.cxx.o -c /root/aerostack2_ws/build/as2_behaviors_swarm_flocking/CMakeFiles/CMakeTmp/src.cxx
/root/aerostack2_ws/build/as2_behaviors_swarm_flocking/CMakeFiles/CMakeTmp/src.cxx:3:1: error: ‘vector’ does not name a type
    3 | vector<int> t; int main() { }
      | ^~~~~~
gmake[1]: *** [CMakeFiles/cmTC_ef2c0.dir/build.make:78: CMakeFiles/cmTC_ef2c0.dir/src.cxx.o] Error 1
gmake[1]: Leaving directory '/root/aerostack2_ws/build/as2_behaviors_swarm_flocking/CMakeFiles/CMakeTmp'
gmake: *** [Makefile:127: cmTC_ef2c0/fast] Error 2


Source file was:

#include <vector>
vector<int> t; int main() { }

Performing C++ SOURCE FILE Test HAVE_MSVC_TLS failed with the following output:
Change Dir: /root/aerostack2_ws/build/as2_behaviors_swarm_flocking/CMakeFiles/CMakeTmp

Run Build Command(s):/usr/bin/gmake -f Makefile cmTC_62217/fast && /usr/bin/gmake  -f CMakeFiles/cmTC_62217.dir/build.make CMakeFiles/cmTC_62217.dir/build
gmake[1]: Entering directory '/root/aerostack2_ws/build/as2_behaviors_swarm_flocking/CMakeFiles/CMakeTmp'
Building CXX object CMakeFiles/cmTC_62217.dir/src.cxx.o
/usr/bin/c++ -DHAVE_MSVC_TLS  -fPIE -o CMakeFiles/cmTC_62217.dir/src.cxx.o -c /root/aerostack2_ws/build/as2_behaviors_swarm_flocking/CMakeFiles/CMakeTmp/src.cxx
/root/aerostack2_ws/build/as2_behaviors_swarm_flocking/CMakeFiles/CMakeTmp/src.cxx:2:11: error: expected constructor, destructor, or type conversion before ‘(’ token
    2 | __declspec(thread) int tls;
      |           ^
gmake[1]: *** [CMakeFiles/cmTC_62217.dir/build.make:78: CMakeFiles/cmTC_62217.dir/src.cxx.o] Error 1
gmake[1]: Leaving directory '/root/aerostack2_ws/build/as2_behaviors_swarm_flocking/CMakeFiles/CMakeTmp'
gmake: *** [Makefile:127: cmTC_62217/fast] Error 2


Source file was:

__declspec(thread) int tls;
int main() { }

Performing C SOURCE FILE Test HAVE_THREAD_LOCAL_STORAGE failed with the following output:
Change Dir: /root/aerostack2_ws/build/as2_behaviors_swarm_flocking/CMakeFiles/CMakeTmp

Run Build Command(s):/usr/bin/gmake -f Makefile cmTC_fa25a/fast && /usr/bin/gmake  -f CMakeFiles/cmTC_fa25a.dir/build.make CMakeFiles/cmTC_fa25a.dir/build
gmake[1]: Entering directory '/root/aerostack2_ws/build/as2_behaviors_swarm_flocking/CMakeFiles/CMakeTmp'
Building C object CMakeFiles/cmTC_fa25a.dir/src.c.o
/usr/bin/cc -DHAVE_THREAD_LOCAL_STORAGE  -fPIE -o CMakeFiles/cmTC_fa25a.dir/src.c.o -c /root/aerostack2_ws/build/as2_behaviors_swarm_flocking/CMakeFiles/CMakeTmp/src.c
/root/aerostack2_ws/build/as2_behaviors_swarm_flocking/CMakeFiles/CMakeTmp/src.c:2:5: warning: return type defaults to ‘int’ [-Wimplicit-int]
    2 |     __declspec(thread) int tls;
      |     ^~~~~~~~~~
/root/aerostack2_ws/build/as2_behaviors_swarm_flocking/CMakeFiles/CMakeTmp/src.c: In function ‘__declspec’:
/root/aerostack2_ws/build/as2_behaviors_swarm_flocking/CMakeFiles/CMakeTmp/src.c:4:20: error: expected ‘=’, ‘,’, ‘;’, ‘asm’ or ‘__attribute__’ before ‘{’ token
    4 |     int main(void) {
      |                    ^
/root/aerostack2_ws/build/as2_behaviors_swarm_flocking/CMakeFiles/CMakeTmp/src.c:2:5: warning: type of ‘thread’ defaults to ‘int’ [-Wimplicit-int]
    2 |     __declspec(thread) int tls;
      |     ^~~~~~~~~~
/root/aerostack2_ws/build/as2_behaviors_swarm_flocking/CMakeFiles/CMakeTmp/src.c:2:28: error: declaration for parameter ‘tls’ but no such parameter
    2 |     __declspec(thread) int tls;
      |                            ^~~
/root/aerostack2_ws/build/as2_behaviors_swarm_flocking/CMakeFiles/CMakeTmp/src.c:7: error: expected ‘{’ at end of input
gmake[1]: *** [CMakeFiles/cmTC_fa25a.dir/build.make:78: CMakeFiles/cmTC_fa25a.dir/src.c.o] Error 1
gmake[1]: Leaving directory '/root/aerostack2_ws/build/as2_behaviors_swarm_flocking/CMakeFiles/CMakeTmp'
gmake: *** [Makefile:127: cmTC_fa25a/fast] Error 2


Source file was:

    __declspec(thread) int tls;

    int main(void) {
        return 0;
    }
